<?xml version="1.0" encoding="UTF-8"?>
<!-- Generated by org.testng.reporters.JUnitXMLReporter -->
<testsuite ignored="0" hostname="SHAHID" failures="1" tests="2" name="Test" time="9.483" errors="0" timestamp="2022-07-03T00:02:58 EDT">
  <testcase classname="testCases.TC_001_AccountRegistration" name="test_account_registration" time="4.614">
    <failure type="java.lang.AssertionError" message="expected [true] but found [false]">
      <![CDATA[java.lang.AssertionError: expected [true] but found [false]
at testCases.TC_001_AccountRegistration.test_account_registration(TC_001_AccountRegistration.java:69)
at java.base/java.util.ArrayList.forEach(ArrayList.java:1511)
... Removed 29 stack frames]]>
    </failure>
  </testcase> <!-- test_account_registration -->
  <testcase classname="testCases.TC_002_Login" name="test_login" time="1.912"/>
</testsuite> <!-- Test -->
