<?xml version="1.0" encoding="UTF-8"?>
<!-- Generated by org.testng.reporters.JUnitXMLReporter -->
<testsuite ignored="0" hostname="SHAHID" failures="1" tests="1" name="OpenCart Tests" time="10.509" errors="0" timestamp="2022-06-29T13:07:06 EDT">
  <testcase classname="testCases.TC_001_AccountRegistration" name="test_account_registration" time="8.323">
    <failure type="java.lang.AssertionError" message="null">
      <![CDATA[java.lang.AssertionError: null
at testCases.TC_001_AccountRegistration.test_account_registration(TC_001_AccountRegistration.java:73)
at java.base/java.util.ArrayList.forEach(ArrayList.java:1511)
... Removed 27 stack frames]]>
    </failure>
  </testcase> <!-- test_account_registration -->
</testsuite> <!-- OpenCart Tests -->
